<?xml version="1.0" encoding="UTF-8"?>
<!-- Generated by org.testng.reporters.JUnitXMLReporter -->
<testsuite ignored="0" hostname="DESKTOP-T7I66BH" failures="0" tests="2" name="Test for Web Application SKinny Ties" time="48.389" errors="0" timestamp="2024-05-24T11:44:50 IST">
  <testcase classname="io.cucumber.testng.AbstractTestNGCucumberTests" name="runScenario" time="46.278"/>
  <testcase classname="io.cucumber.testng.AbstractTestNGCucumberTests" name="runScenario" time="1.314"/>
</testsuite> <!-- Test for Web Application SKinny Ties -->
